2026-01-31 05:36:27,561 - __main__ - INFO - ================================================================================
2026-01-31 05:36:27,561 - __main__ - INFO - ENHANCED ENGRAM BOT LAUNCHER V2
2026-01-31 05:36:27,562 - __main__ - INFO - ================================================================================
2026-01-31 05:36:27,562 - __main__ - INFO - 🚀 Initializing Enhanced Engram Bot...
2026-01-31 05:36:27,562 - __main__ - WARNING - ⚠️ Telegram token or chat_id not set. Please configure environment variables.
2026-01-31 05:36:27,563 - __main__ - INFO - Loading Engram neural model with fallback logic...
2026-01-31 05:36:27,563 - __main__ - INFO - ✅ Engram model loaded
2026-01-31 05:36:27,563 - __main__ - INFO - Testing LMStudio connection...
2026-01-31 05:36:27,576 - __main__ - INFO - ✅ LMStudio reachable
2026-01-31 05:36:27,577 - __main__ - INFO - Testing Telegram connection...
2026-01-31 05:36:28,003 - __main__ - ERROR - ❌ Telegram connection failed
2026-01-31 05:36:28,004 - __main__ - INFO - ✅ All systems initialized successfully
2026-01-31 05:36:28,005 - __main__ - INFO - 🤖 Enhanced Engram Bot v2 is running.
2026-01-31 05:36:28,006 - __main__ - INFO - 📱 Send a message to your Telegram bot to test it.
2026-01-31 05:36:28,152 - __main__ - ERROR - Failed to send message: {"ok":false,"error_code":404,"description":"Not Found"}
2026-01-31 05:36:28,316 - __main__ - ERROR - Failed to get Telegram updates: {"ok":false,"error_code":404,"description":"Not Found"}
2026-01-31 05:36:29,542 - __main__ - ERROR - Failed to get Telegram updates: {"ok":false,"error_code":404,"description":"Not Found"}
2026-01-31 05:36:30,834 - __main__ - ERROR - Failed to get Telegram updates: {"ok":false,"error_code":404,"description":"Not Found"}
2026-01-31 05:36:32,058 - __main__ - ERROR - Failed to get Telegram updates: {"ok":false,"error_code":404,"description":"Not Found"}
2026-01-31 05:36:33,450 - __main__ - ERROR - Failed to get Telegram updates: {"ok":false,"error_code":404,"description":"Not Found"}
2026-01-31 05:36:34,677 - __main__ - ERROR - Failed to get Telegram updates: {"ok":false,"error_code":404,"description":"Not Found"}
2026-01-31 05:36:35,980 - __main__ - ERROR - Failed to get Telegram updates: {"ok":false,"error_code":404,"description":"Not Found"}
2026-01-31 05:36:37,293 - __main__ - ERROR - Failed to get Telegram updates: {"ok":false,"error_code":404,"description":"Not Found"}
2026-01-31 05:36:38,664 - __main__ - ERROR - Failed to get Telegram updates: {"ok":false,"error_code":404,"description":"Not Found"}
2026-01-31 05:36:40,041 - __main__ - ERROR - Failed to get Telegram updates: {"ok":false,"error_code":404,"description":"Not Found"}
2026-01-31 05:36:41,423 - __main__ - ERROR - Failed to get Telegram updates: {"ok":false,"error_code":404,"description":"Not Found"}
2026-01-31 05:36:42,650 - __main__ - ERROR - Failed to get Telegram updates: {"ok":false,"error_code":404,"description":"Not Found"}
2026-01-31 05:36:44,015 - __main__ - ERROR - Failed to get Telegram updates: {"ok":false,"error_code":404,"description":"Not Found"}
2026-01-31 05:36:45,225 - __main__ - ERROR - Failed to get Telegram updates: {"ok":false,"error_code":404,"description":"Not Found"}
2026-01-31 05:36:46,469 - __main__ - ERROR - Failed to get Telegram updates: {"ok":false,"error_code":404,"description":"Not Found"}
2026-01-31 05:36:47,815 - __main__ - ERROR - Failed to get Telegram updates: {"ok":false,"error_code":404,"description":"Not Found"}
2026-01-31 05:36:46,565 - __main__ - ERROR - Failed to get Telegram updates: {"ok":false,"error_code":404,"description":"Not Found"}
2026-01-31 05:36:47,841 - __main__ - ERROR - Failed to get Telegram updates: {"ok":false,"error_code":404,"description":"Not Found"}
2026-01-31 05:36:49,053 - __main__ - ERROR - Failed to get Telegram updates: {"ok":false,"error_code":404,"description":"Not Found"}
2026-01-31 05:36:50,274 - __main__ - ERROR - Failed to get Telegram updates: {"ok":false,"error_code":404,"description":"Not Found"}
2026-01-31 05:36:51,619 - __main__ - ERROR - Failed to get Telegram updates: {"ok":false,"error_code":404,"description":"Not Found"}
2026-01-31 05:36:52,863 - __main__ - ERROR - Failed to get Telegram updates: {"ok":false,"error_code":404,"description":"Not Found"}
2026-01-31 05:36:54,108 - __main__ - ERROR - Failed to get Telegram updates: {"ok":false,"error_code":404,"description":"Not Found"}
2026-01-31 05:36:55,435 - __main__ - ERROR - Failed to get Telegram updates: {"ok":false,"error_code":404,"description":"Not Found"}
2026-01-31 05:36:56,635 - __main__ - ERROR - Failed to get Telegram updates: {"ok":false,"error_code":404,"description":"Not Found"}
2026-01-31 05:36:57,807 - __main__ - ERROR - Failed to get Telegram updates: {"ok":false,"error_code":404,"description":"Not Found"}
2026-01-31 05:36:59,098 - __main__ - ERROR - Failed to get Telegram updates: {"ok":false,"error_code":404,"description":"Not Found"}
2026-01-31 05:37:00,279 - __main__ - ERROR - Failed to get Telegram updates: {"ok":false,"error_code":404,"description":"Not Found"}
2026-01-31 05:37:01,499 - __main__ - ERROR - Failed to get Telegram updates: {"ok":false,"error_code":404,"description":"Not Found"}
2026-01-31 05:37:02,677 - __main__ - ERROR - Failed to get Telegram updates: {"ok":false,"error_code":404,"description":"Not Found"}
2026-01-31 05:37:03,914 - __main__ - ERROR - Failed to get Telegram updates: {"ok":false,"error_code":404,"description":"Not Found"}
2026-01-31 05:37:05,142 - __main__ - ERROR - Failed to get Telegram updates: {"ok":false,"error_code":404,"description":"Not Found"}
2026-01-31 05:37:06,376 - __main__ - ERROR - Failed to get Telegram updates: {"ok":false,"error_code":404,"description":"Not Found"}
2026-01-31 05:37:07,727 - __main__ - ERROR - Failed to get Telegram updates: {"ok":false,"error_code":404,"description":"Not Found"}
2026-01-31 05:37:08,928 - __main__ - ERROR - Failed to get Telegram updates: {"ok":false,"error_code":404,"description":"Not Found"}
2026-01-31 05:37:10,386 - __main__ - ERROR - Failed to get Telegram updates: {"ok":false,"error_code":404,"description":"Not Found"}
2026-01-31 05:37:11,752 - __main__ - ERROR - Failed to get Telegram updates: {"ok":false,"error_code":404,"description":"Not Found"}
2026-01-31 05:37:12,967 - __main__ - ERROR - Failed to get Telegram updates: {"ok":false,"error_code":404,"description":"Not Found"}
2026-01-31 05:37:14,344 - __main__ - ERROR - Failed to get Telegram updates: {"ok":false,"error_code":404,"description":"Not Found"}
2026-01-31 05:37:15,562 - __main__ - ERROR - Failed to get Telegram updates: {"ok":false,"error_code":404,"description":"Not Found"}
2026-01-31 05:37:16,925 - __main__ - ERROR - Failed to get Telegram updates: {"ok":false,"error_code":404,"description":"Not Found"}
2026-01-31 05:37:18,184 - __main__ - ERROR - Failed to get Telegram updates: {"ok":false,"error_code":404,"description":"Not Found"}
2026-01-31 05:37:16,794 - __main__ - ERROR - Failed to get Telegram updates: {"ok":false,"error_code":404,"description":"Not Found"}
2026-01-31 05:37:18,386 - __main__ - ERROR - Failed to get Telegram updates: {"ok":false,"error_code":404,"description":"Not Found"}
2026-01-31 05:37:19,655 - __main__ - ERROR - Failed to get Telegram updates: {"ok":false,"error_code":404,"description":"Not Found"}
2026-01-31 05:37:20,891 - __main__ - ERROR - Failed to get Telegram updates: {"ok":false,"error_code":404,"description":"Not Found"}
2026-01-31 05:37:22,199 - __main__ - ERROR - Failed to get Telegram updates: {"ok":false,"error_code":404,"description":"Not Found"}
2026-01-31 05:37:23,382 - __main__ - ERROR - Failed to get Telegram updates: {"ok":false,"error_code":404,"description":"Not Found"}
2026-01-31 05:37:24,366 - __main__ - INFO - 🛑 Bot shutdown requested.
2026-01-31 05:37:24,637 - __main__ - ERROR - Failed to send message: {"ok":false,"error_code":404,"description":"Not Found"}
