2026-01-31 00:29:24,623 - __main__ - INFO - ================================================================================
2026-01-31 00:29:24,624 - __main__ - INFO - SIMPLE ENGRAM BOT LAUNCHER
2026-01-31 00:29:24,624 - __main__ - INFO - ================================================================================
2026-01-31 00:29:24,644 - __main__ - INFO - Loading Engram neural model...
2026-01-31 00:29:24,646 - __main__ - INFO - Testing LMStudio connection...
2026-01-31 00:29:24,652 - __main__ - INFO - Testing Telegram connection...
2026-01-31 00:29:25,726 - __main__ - INFO - Processing: Update
2026-01-31 00:29:26,075 - __main__ - INFO - Sent: Error: 400...
2026-01-31 02:46:42,138 - __main__ - INFO - ================================================================================
2026-01-31 02:46:42,138 - __main__ - INFO - SIMPLE ENGRAM BOT LAUNCHER
2026-01-31 02:46:42,139 - __main__ - INFO - ================================================================================
2026-01-31 02:46:42,139 - __main__ - INFO - 🚀 Initializing Simple Engram Bot...
2026-01-31 02:46:42,139 - __main__ - INFO - Loading Engram neural model...
2026-01-31 02:46:42,140 - __main__ - INFO - ✅ Engram model loaded
2026-01-31 02:46:42,140 - __main__ - INFO - Testing LMStudio connection...
2026-01-31 02:46:42,154 - __main__ - INFO - ✅ LMStudio connected
2026-01-31 02:46:42,154 - __main__ - INFO - Testing Telegram connection...
2026-01-31 02:46:42,376 - __main__ - INFO - ✅ Telegram bot connected: Freqtrad3_bot
2026-01-31 02:46:42,377 - __main__ - INFO - ✅ All systems initialized successfully
2026-01-31 02:46:42,378 - __main__ - INFO - 🤖 Bot is running and listening for messages...
2026-01-31 02:46:42,379 - __main__ - INFO - 📱 Send a message to your Telegram bot to test it!
2026-01-31 02:46:42,570 - __main__ - INFO - Sent: 🤖 Engram Bot is now online and ready!...
2026-01-31 02:46:42,722 - __main__ - INFO - Processing: Hi
2026-01-31 02:47:10,360 - __main__ - ERROR - LMStudio query error: HTTPConnectionPool(host='192.168.56.1', port=1234): Read timed out. (read timeout=30)
2026-01-31 02:47:10,594 - __main__ - INFO - Sent: Sorry, I encountered an error: HTTPConnectionPool(...
2026-01-31 02:47:11,801 - __main__ - INFO - Processing: Hi
2026-01-31 02:47:39,387 - __main__ - ERROR - LMStudio query error: HTTPConnectionPool(host='192.168.56.1', port=1234): Read timed out. (read timeout=30)
2026-01-31 02:47:39,785 - __main__ - INFO - Sent: Sorry, I encountered an error: HTTPConnectionPool(...
2026-01-31 02:47:39,787 - __main__ - INFO - Processing: Can you hear me?
2026-01-31 02:48:07,582 - __main__ - ERROR - LMStudio query error: HTTPConnectionPool(host='192.168.56.1', port=1234): Read timed out. (read timeout=30)
2026-01-31 02:48:07,850 - __main__ - INFO - Sent: Sorry, I encountered an error: HTTPConnectionPool(...
2026-01-31 02:48:09,111 - __main__ - INFO - Processing: ?
2026-01-31 02:48:31,339 - __main__ - INFO - 🛑 Bot stopped by user
2026-01-31 02:48:31,536 - __main__ - INFO - Sent: 🛑 Bot is shutting down. Goodbye!...
2026-01-31 02:55:50,887 - __main__ - INFO - ================================================================================
2026-01-31 02:55:50,888 - __main__ - INFO - SIMPLE ENGRAM BOT LAUNCHER
2026-01-31 02:55:50,888 - __main__ - INFO - ================================================================================
2026-01-31 02:55:50,888 - __main__ - INFO - 🚀 Initializing Simple Engram Bot...
2026-01-31 02:55:50,889 - __main__ - INFO - Loading Engram neural model...
2026-01-31 02:55:50,889 - __main__ - INFO - ✅ Engram model loaded
2026-01-31 02:55:50,889 - __main__ - INFO - Testing LMStudio connection...
2026-01-31 02:55:50,897 - __main__ - INFO - ✅ LMStudio connected
2026-01-31 02:55:50,898 - __main__ - INFO - Testing Telegram connection...
2026-01-31 02:55:51,161 - __main__ - INFO - ✅ Telegram bot connected: Freqtrad3_bot
2026-01-31 02:55:51,161 - __main__ - INFO - ✅ All systems initialized successfully
2026-01-31 02:55:51,163 - __main__ - INFO - 🤖 Bot is running and listening for messages...
2026-01-31 02:55:51,163 - __main__ - INFO - 📱 Send a message to your Telegram bot to test it!
2026-01-31 02:55:51,349 - __main__ - INFO - Sent: 🤖 Engram Bot is now online and ready!...
2026-01-31 02:55:51,512 - __main__ - INFO - Processing: ?
2026-01-31 02:56:19,100 - __main__ - ERROR - LMStudio query error: HTTPConnectionPool(host='192.168.56.1', port=1234): Read timed out. (read timeout=30)
2026-01-31 02:56:19,409 - __main__ - INFO - Sent: Sorry, I encountered an error: HTTPConnectionPool(...
2026-01-31 02:56:20,617 - __main__ - INFO - Processing: HI
2026-01-31 02:56:48,296 - __main__ - ERROR - LMStudio query error: HTTPConnectionPool(host='192.168.56.1', port=1234): Read timed out. (read timeout=30)
2026-01-31 02:56:48,590 - __main__ - INFO - Sent: Sorry, I encountered an error: HTTPConnectionPool(...
2026-01-31 03:01:40,279 - __main__ - INFO - Processing: /github
2026-01-31 03:02:07,966 - __main__ - ERROR - LMStudio query error: HTTPConnectionPool(host='192.168.56.1', port=1234): Read timed out. (read timeout=30)
2026-01-31 03:02:08,270 - __main__ - INFO - Sent: Sorry, I encountered an error: HTTPConnectionPool(...
2026-01-31 03:13:21,045 - __main__ - INFO - 🛑 Bot stopped by user
2026-01-31 03:13:21,271 - __main__ - INFO - Sent: 🛑 Bot is shutting down. Goodbye!...
2026-01-31 03:13:30,356 - __main__ - INFO - ================================================================================
2026-01-31 03:13:30,356 - __main__ - INFO - SIMPLE ENGRAM BOT LAUNCHER
2026-01-31 03:13:30,357 - __main__ - INFO - ================================================================================
2026-01-31 03:13:30,357 - __main__ - INFO - 🚀 Initializing Simple Engram Bot...
2026-01-31 03:13:30,358 - __main__ - INFO - Loading Engram neural model...
2026-01-31 03:13:30,358 - __main__ - INFO - ✅ Engram model loaded
2026-01-31 03:13:30,358 - __main__ - INFO - Testing LMStudio connection...
2026-01-31 03:13:30,366 - __main__ - INFO - ✅ LMStudio connected
2026-01-31 03:13:30,366 - __main__ - INFO - Testing Telegram connection...
2026-01-31 03:13:30,586 - __main__ - INFO - ✅ Telegram bot connected: Freqtrad3_bot
2026-01-31 03:13:30,587 - __main__ - INFO - ✅ All systems initialized successfully
2026-01-31 03:13:30,588 - __main__ - INFO - 🤖 Bot is running and listening for messages...
2026-01-31 03:13:30,588 - __main__ - INFO - 📱 Send a message to your Telegram bot to test it!
2026-01-31 03:13:30,781 - __main__ - INFO - Sent: 🤖 Engram Bot is now online and ready!...
2026-01-31 03:13:35,303 - __main__ - INFO - Processing: hi
2026-01-31 03:14:02,804 - __main__ - ERROR - LMStudio query error: HTTPConnectionPool(host='192.168.56.1', port=1234): Read timed out. (read timeout=30)
2026-01-31 03:14:03,028 - __main__ - INFO - Sent: Sorry, I encountered an error: HTTPConnectionPool(...
2026-01-31 03:26:13,123 - __main__ - INFO - 🛑 Bot stopped by user
2026-01-31 03:26:13,321 - __main__ - INFO - Sent: 🛑 Bot is shutting down. Goodbye!...
