2026-01-23 23:43:28,306 - freqtrade - INFO - freqtrade 2025.12
2026-01-23 23:43:30,575 - freqtrade.worker - INFO - Starting worker 2025.12
2026-01-23 23:43:30,576 - freqtrade.configuration.load_config - INFO - Using config: complete_telegram_config.json ...
2026-01-23 23:43:30,579 - freqtrade.loggers - INFO - Enabling colorized output.
2026-01-23 23:43:30,580 - freqtrade.loggers - INFO - Logfile configured
2026-01-23 23:43:30,580 - freqtrade.loggers - INFO - Verbosity set to 0
2026-01-23 23:43:30,581 - freqtrade.configuration.configuration - INFO - Parameter --dry-run detected, overriding dry_run to: True ...
2026-01-23 23:43:30,581 - freqtrade.configuration.configuration - INFO - Runmode set to dry_run.
2026-01-23 23:43:30,582 - freqtrade.configuration.configuration - INFO - Dry run is enabled
2026-01-23 23:43:30,582 - freqtrade.configuration.configuration - INFO - Using DB: "sqlite:///tradesv3.dryrun.sqlite"
2026-01-23 23:43:30,582 - freqtrade.configuration.configuration - INFO - Using max_open_trades: 1 ...
2026-01-23 23:43:30,595 - freqtrade.configuration.configuration - INFO - Using user-data directory: /mnt/c/Users/OFFRSTAR0/Engram/user_data ...
2026-01-23 23:43:30,597 - freqtrade.configuration.configuration - INFO - Using data directory: /mnt/c/Users/OFFRSTAR0/Engram/user_data/data/binance ...
2026-01-23 23:43:30,598 - freqtrade.exchange.check_exchange - INFO - Checking exchange...
2026-01-23 23:43:30,605 - freqtrade.exchange.check_exchange - INFO - Exchange "binance" is officially supported by the Freqtrade development team.
2026-01-23 23:43:30,605 - freqtrade.configuration.configuration - INFO - Using pairlist from configuration.
2026-01-23 23:43:30,606 - freqtrade.exchange.exchange - INFO - Instance is running with dry_run enabled
2026-01-23 23:43:30,606 - freqtrade.exchange.exchange - INFO - Using CCXT 4.5.34
2026-01-23 23:43:30,622 - freqtrade.exchange.exchange - INFO - Using Exchange "Binance"
2026-01-23 23:43:31,719 - freqtrade.resolvers.exchange_resolver - INFO - Using resolved exchange 'Binance'...
2026-01-23 23:43:31,793 - freqtrade.resolvers.iresolver - INFO - Using resolved strategy SimpleEngramStrategy from '/mnt/c/Users/OFFRSTAR0/Engram/simple_strategy.py'...
2026-01-23 23:43:31,794 - freqtrade.strategy.hyper - INFO - Found no parameter file.
2026-01-23 23:43:31,794 - freqtrade.resolvers.strategy_resolver - INFO - Override strategy 'timeframe' with value from the configuration: 5m.
2026-01-23 23:43:31,795 - freqtrade.resolvers.strategy_resolver - INFO - Override strategy 'stake_currency' with value from the configuration: USDT.
2026-01-23 23:43:31,795 - freqtrade.resolvers.strategy_resolver - INFO - Override strategy 'stake_amount' with value from the configuration: 100.
2026-01-23 23:43:31,796 - freqtrade.resolvers.strategy_resolver - INFO - Override strategy 'unfilledtimeout' with value from the configuration: {'entry': 10, 'exit': 10, 'exit_timeout_count': 0, 
'unit': 'minutes'}.
2026-01-23 23:43:31,796 - freqtrade.resolvers.strategy_resolver - INFO - Override strategy 'max_open_trades' with value from the configuration: 1.
2026-01-23 23:43:31,796 - freqtrade.resolvers.strategy_resolver - INFO - Strategy using minimal_roi: {'0': 0.05}
2026-01-23 23:43:31,797 - freqtrade.resolvers.strategy_resolver - INFO - Strategy using timeframe: 5m
2026-01-23 23:43:31,797 - freqtrade.resolvers.strategy_resolver - INFO - Strategy using stoploss: -0.05
2026-01-23 23:43:31,798 - freqtrade.resolvers.strategy_resolver - INFO - Strategy using trailing_stop: False
2026-01-23 23:43:31,798 - freqtrade.resolvers.strategy_resolver - INFO - Strategy using trailing_stop_positive_offset: 0.0
2026-01-23 23:43:31,798 - freqtrade.resolvers.strategy_resolver - INFO - Strategy using trailing_only_offset_is_reached: False
2026-01-23 23:43:31,799 - freqtrade.resolvers.strategy_resolver - INFO - Strategy using use_custom_stoploss: False
2026-01-23 23:43:31,799 - freqtrade.resolvers.strategy_resolver - INFO - Strategy using process_only_new_candles: True
2026-01-23 23:43:31,799 - freqtrade.resolvers.strategy_resolver - INFO - Strategy using order_types: {'entry': 'limit', 'exit': 'limit', 'stoploss': 'limit', 'stoploss_on_exchange': False, 
'stoploss_on_exchange_interval': 60}
2026-01-23 23:43:31,800 - freqtrade.resolvers.strategy_resolver - INFO - Strategy using order_time_in_force: {'entry': 'GTC', 'exit': 'GTC'}
2026-01-23 23:43:31,800 - freqtrade.resolvers.strategy_resolver - INFO - Strategy using stake_currency: USDT
2026-01-23 23:43:31,801 - freqtrade.resolvers.strategy_resolver - INFO - Strategy using stake_amount: 100
2026-01-23 23:43:31,801 - freqtrade.resolvers.strategy_resolver - INFO - Strategy using startup_candle_count: 20
2026-01-23 23:43:31,801 - freqtrade.resolvers.strategy_resolver - INFO - Strategy using unfilledtimeout: {'entry': 10, 'exit': 10, 'exit_timeout_count': 0, 'unit': 'minutes'}
2026-01-23 23:43:31,802 - freqtrade.resolvers.strategy_resolver - INFO - Strategy using use_exit_signal: True
2026-01-23 23:43:31,802 - freqtrade.resolvers.strategy_resolver - INFO - Strategy using exit_profit_only: False
2026-01-23 23:43:31,803 - freqtrade.resolvers.strategy_resolver - INFO - Strategy using ignore_roi_if_entry_signal: False
2026-01-23 23:43:31,803 - freqtrade.resolvers.strategy_resolver - INFO - Strategy using exit_profit_offset: 0.0
2026-01-23 23:43:31,803 - freqtrade.resolvers.strategy_resolver - INFO - Strategy using disable_dataframe_checks: False
2026-01-23 23:43:31,804 - freqtrade.resolvers.strategy_resolver - INFO - Strategy using ignore_buying_expired_candle_after: 0
2026-01-23 23:43:31,804 - freqtrade.resolvers.strategy_resolver - INFO - Strategy using position_adjustment_enable: False
2026-01-23 23:43:31,804 - freqtrade.resolvers.strategy_resolver - INFO - Strategy using max_entry_position_adjustment: -1
2026-01-23 23:43:31,805 - freqtrade.resolvers.strategy_resolver - INFO - Strategy using max_open_trades: 1
2026-01-23 23:43:31,805 - freqtrade.configuration.config_validation - INFO - Validating configuration ...
2026-01-23 23:43:31,863 - freqtrade.wallets - INFO - Wallets synced.
2026-01-23 23:43:31,863 - freqtrade.rpc.rpc_manager - INFO - Enabling rpc.telegram ...
2026-01-23 23:43:31,998 - freqtrade.rpc.rpc_manager - INFO - Enabling rpc.api_server
2026-01-23 23:43:32,153 - freqtrade.rpc.telegram - INFO - rpc.telegram is listening for following commands: [['status'], ['profit'], ['balance'], ['start'], ['stop'], ['forceexit', 'forcesell', 'fx'],
['forcebuy', 'forcelong'], ['forceshort'], ['reload_trade'], ['trades'], ['delete'], ['cancel_open_order', 'coo'], ['performance'], ['buys', 'entries'], ['exits', 'sells'], ['mix_tags'], ['stats'], 
['daily'], ['weekly'], ['monthly'], ['count'], ['locks'], ['delete_locks', 'unlock'], ['reload_conf', 'reload_config'], ['show_conf', 'show_config'], ['pause', 'stopbuy', 'stopentry'], ['whitelist'], 
['blacklist'], ['bl_delete', 'blacklist_delete'], ['logs'], ['health'], ['help'], ['version'], ['marketdir'], ['order'], ['list_custom_data'], ['tg_info'], ['profit_long'], ['profit_short']]
2026-01-23 23:43:32,162 - freqtrade.rpc.api_server.webserver - INFO - Starting HTTP Server at 127.0.0.1:8080
2026-01-23 23:43:32,163 - freqtrade.rpc.api_server.webserver - INFO - Starting Local Rest Server.
2026-01-23 23:43:32,191 - uvicorn.error - INFO - Started server process [58527]
2026-01-23 23:43:32,191 - uvicorn.error - INFO - Waiting for application startup.
2026-01-23 23:43:32,192 - uvicorn.error - INFO - Application startup complete.
2026-01-23 23:43:32,192 - uvicorn.error - INFO - Uvicorn running on http://127.0.0.1:8080 (Press CTRL+C to quit)
2026-01-23 23:43:32,195 - freqtrade.resolvers.iresolver - INFO - Using resolved pairlist StaticPairList from 
'/home/offstar0/.local/lib/python3.12/site-packages/freqtrade/plugins/pairlist/StaticPairList.py'...
2026-01-23 23:43:32,195 - freqtrade.freqtradebot - INFO - Starting initial pairlist refresh
2026-01-23 23:43:32,203 - freqtrade.plugins.pairlistmanager - INFO - Whitelist with 1 pairs: ['BTC/USDT']
2026-01-23 23:43:32,204 - freqtrade.freqtradebot - INFO - Initial Pairlist refresh took 0.01s
2026-01-23 23:43:32,204 - freqtrade.plugins.protectionmanager - INFO - No protection Handlers defined.
2026-01-23 23:43:32,205 - freqtrade.rpc.rpc_manager - INFO - Sending rpc message: {'type': status, 'status': 'stopped'}
2026-01-23 23:43:32,205 - freqtrade.worker - INFO - Changing state to: STOPPED
2026-01-23 23:43:32,344 - telegram.ext.Application - INFO - Application started
2026-01-23 23:43:36,701 - freqtrade.worker - INFO - Bot heartbeat. PID=58527, version='2025.12', state='STOPPED'
2026-01-23 23:44:36,720 - freqtrade.worker - INFO - Bot heartbeat. PID=58527, version='2025.12', state='STOPPED'
2026-01-23 23:44:48,065 - telegram.ext.Updater - ERROR - Exception happened while polling for updates.
Traceback (most recent call last):
  File "/home/offstar0/.local/lib/python3.12/site-packages/telegram/ext/_utils/networkloop.py", line 134, in network_retry_loop
    await do_action()
  File "/home/offstar0/.local/lib/python3.12/site-packages/telegram/ext/_utils/networkloop.py", line 127, in do_action
    action_cb_task.result()
  File "/home/offstar0/.local/lib/python3.12/site-packages/telegram/ext/_updater.py", line 340, in polling_action_cb
    updates = await self.bot.get_updates(
              ^^^^^^^^^^^^^^^^^^^^^^^^^^^
  File "/home/offstar0/.local/lib/python3.12/site-packages/telegram/ext/_extbot.py", line 676, in get_updates
    updates = await super().get_updates(
              ^^^^^^^^^^^^^^^^^^^^^^^^^^
  File "/home/offstar0/.local/lib/python3.12/site-packages/telegram/_bot.py", line 4780, in get_updates
    await self._post(
  File "/home/offstar0/.local/lib/python3.12/site-packages/telegram/_bot.py", line 703, in _post
    return await self._do_post(
           ^^^^^^^^^^^^^^^^^^^^
  File "/home/offstar0/.local/lib/python3.12/site-packages/telegram/ext/_extbot.py", line 372, in _do_post
    return await super()._do_post(
           ^^^^^^^^^^^^^^^^^^^^^^^
  File "/home/offstar0/.local/lib/python3.12/site-packages/telegram/_bot.py", line 732, in _do_post
    result = await request.post(
             ^^^^^^^^^^^^^^^^^^^
  File "/home/offstar0/.local/lib/python3.12/site-packages/telegram/request/_baserequest.py", line 198, in post
    result = await self._request_wrapper(
             ^^^^^^^^^^^^^^^^^^^^^^^^^^^^
  File "/home/offstar0/.local/lib/python3.12/site-packages/telegram/request/_baserequest.py", line 375, in _request_wrapper
    raise exception
telegram.error.Conflict: Conflict: terminated by other getUpdates request; make sure that only one bot instance is running
2026-01-23 23:45:40,972 - freqtrade.worker - INFO - Bot heartbeat. PID=58527, version='2025.12', state='STOPPED'
2026-01-23 23:45:44,440 - freqtrade.commands.trade_commands - INFO - worker found ... calling exit
2026-01-23 23:45:44,441 - freqtrade.rpc.rpc_manager - INFO - Sending rpc message: {'type': status, 'status': 'process died'}
2026-01-23 23:45:44,442 - freqtrade.freqtradebot - INFO - Cleaning up modules ...
2026-01-23 23:45:44,445 - freqtrade.rpc.rpc_manager - INFO - Cleaning up rpc modules ...
2026-01-23 23:45:44,446 - freqtrade.rpc.rpc_manager - INFO - Cleaning up rpc.apiserver ...
2026-01-23 23:45:44,446 - freqtrade.rpc.api_server.webserver - INFO - Stopping API Server
2026-01-23 23:45:44,501 - uvicorn.error - INFO - Shutting down
2026-01-23 23:45:44,611 - uvicorn.error - INFO - Waiting for application shutdown.
2026-01-23 23:45:44,612 - uvicorn.error - INFO - Application shutdown complete.
2026-01-23 23:45:44,612 - uvicorn.error - INFO - Finished server process [58527]
2026-01-23 23:45:44,612 - freqtrade.rpc.rpc_manager - INFO - Cleaning up rpc.telegram ...
2026-01-23 23:45:44,740 - telegram.ext.Application - INFO - Application is stopping. This might take a moment.
2026-01-23 23:45:44,741 - telegram.ext.Application - INFO - Application.stop() complete
2026-01-23 23:45:49,510 - freqtrade.exchange.exchange_ws - INFO - Resetting WS connections.
2026-01-23 23:45:50,206 - freqtrade - INFO - SIGINT received, aborting ...
