2026-01-23 22:35:16,343 - freqtrade - INFO - freqtrade 2025.12
2026-01-23 22:35:18,711 - freqtrade.worker - INFO - Starting worker 2025.12
2026-01-23 22:35:18,712 - freqtrade.configuration.load_config - INFO - Using config: simple_config.json ...
2026-01-23 22:35:18,716 - freqtrade.loggers - INFO - Enabling colorized output.
2026-01-23 22:35:18,717 - freqtrade.loggers - INFO - Logfile configured
2026-01-23 22:35:18,717 - freqtrade.loggers - INFO - Verbosity set to 0
2026-01-23 22:35:18,718 - freqtrade.configuration.configuration - INFO - Parameter --dry-run detected, overriding dry_run to: True ...
2026-01-23 22:35:18,718 - freqtrade.configuration.configuration - INFO - Runmode set to dry_run.
2026-01-23 22:35:18,719 - freqtrade.configuration.configuration - INFO - Dry run is enabled
2026-01-23 22:35:18,719 - freqtrade.configuration.configuration - INFO - Using DB: "sqlite:///tradesv3.dryrun.sqlite"
2026-01-23 22:35:18,720 - freqtrade.configuration.configuration - INFO - Using max_open_trades: 3 ...
2026-01-23 22:35:18,733 - freqtrade.configuration.configuration - INFO - Using user-data directory: /mnt/c/Users/OFFRSTAR0/Engram/user_data ...
2026-01-23 22:35:18,736 - freqtrade.configuration.configuration - INFO - Using data directory: /mnt/c/Users/OFFRSTAR0/Engram/user_data/data/binance ...
2026-01-23 22:35:18,738 - freqtrade.exchange.check_exchange - INFO - Checking exchange...
2026-01-23 22:35:18,746 - freqtrade.exchange.check_exchange - INFO - Exchange "binance" is officially supported by the Freqtrade development team.
2026-01-23 22:35:18,747 - freqtrade.configuration.configuration - INFO - Using pairlist from configuration.
2026-01-23 22:35:18,748 - freqtrade.exchange.exchange - INFO - Instance is running with dry_run enabled
2026-01-23 22:35:18,748 - freqtrade.exchange.exchange - INFO - Using CCXT 4.5.34
2026-01-23 22:35:18,768 - freqtrade.exchange.exchange - INFO - Using Exchange "Binance"
2026-01-23 22:35:19,914 - freqtrade.resolvers.exchange_resolver - INFO - Using resolved exchange 'Binance'...
2026-01-23 22:35:19,987 - freqtrade.resolvers.iresolver - INFO - Using resolved strategy SimpleEngramStrategy from '/mnt/c/Users/OFFRSTAR0/Engram/simple_strategy.py'...
2026-01-23 22:35:19,988 - freqtrade.strategy.hyper - INFO - Found no parameter file.
2026-01-23 22:35:19,988 - freqtrade.resolvers.strategy_resolver - INFO - Override strategy 'timeframe' with value from the configuration: 5m.
2026-01-23 22:35:19,989 - freqtrade.resolvers.strategy_resolver - INFO - Override strategy 'stake_currency' with value from the configuration: USDT.
2026-01-23 22:35:19,989 - freqtrade.resolvers.strategy_resolver - INFO - Override strategy 'stake_amount' with value from the configuration: 100.
2026-01-23 22:35:19,990 - freqtrade.resolvers.strategy_resolver - INFO - Override strategy 'unfilledtimeout' with value from the configuration: {'entry': 10, 'exit': 10, 'exit_timeout_count': 0, 
'unit': 'minutes'}.
2026-01-23 22:35:19,990 - freqtrade.resolvers.strategy_resolver - INFO - Override strategy 'max_open_trades' with value from the configuration: 3.
2026-01-23 22:35:19,990 - freqtrade.resolvers.strategy_resolver - INFO - Strategy using minimal_roi: {'0': 0.05}
2026-01-23 22:35:19,991 - freqtrade.resolvers.strategy_resolver - INFO - Strategy using timeframe: 5m
2026-01-23 22:35:19,991 - freqtrade.resolvers.strategy_resolver - INFO - Strategy using stoploss: -0.05
2026-01-23 22:35:19,991 - freqtrade.resolvers.strategy_resolver - INFO - Strategy using trailing_stop: False
2026-01-23 22:35:19,992 - freqtrade.resolvers.strategy_resolver - INFO - Strategy using trailing_stop_positive_offset: 0.0
2026-01-23 22:35:19,992 - freqtrade.resolvers.strategy_resolver - INFO - Strategy using trailing_only_offset_is_reached: False
2026-01-23 22:35:19,993 - freqtrade.resolvers.strategy_resolver - INFO - Strategy using use_custom_stoploss: False
2026-01-23 22:35:19,993 - freqtrade.resolvers.strategy_resolver - INFO - Strategy using process_only_new_candles: True
2026-01-23 22:35:19,993 - freqtrade.resolvers.strategy_resolver - INFO - Strategy using order_types: {'entry': 'limit', 'exit': 'limit', 'stoploss': 'limit', 'stoploss_on_exchange': False, 
'stoploss_on_exchange_interval': 60}
2026-01-23 22:35:19,994 - freqtrade.resolvers.strategy_resolver - INFO - Strategy using order_time_in_force: {'entry': 'GTC', 'exit': 'GTC'}
2026-01-23 22:35:19,994 - freqtrade.resolvers.strategy_resolver - INFO - Strategy using stake_currency: USDT
2026-01-23 22:35:19,995 - freqtrade.resolvers.strategy_resolver - INFO - Strategy using stake_amount: 100
2026-01-23 22:35:19,995 - freqtrade.resolvers.strategy_resolver - INFO - Strategy using startup_candle_count: 20
2026-01-23 22:35:19,995 - freqtrade.resolvers.strategy_resolver - INFO - Strategy using unfilledtimeout: {'entry': 10, 'exit': 10, 'exit_timeout_count': 0, 'unit': 'minutes'}
2026-01-23 22:35:19,996 - freqtrade.resolvers.strategy_resolver - INFO - Strategy using use_exit_signal: True
2026-01-23 22:35:19,996 - freqtrade.resolvers.strategy_resolver - INFO - Strategy using exit_profit_only: False
2026-01-23 22:35:19,997 - freqtrade.resolvers.strategy_resolver - INFO - Strategy using ignore_roi_if_entry_signal: False
2026-01-23 22:35:19,997 - freqtrade.resolvers.strategy_resolver - INFO - Strategy using exit_profit_offset: 0.0
2026-01-23 22:35:19,997 - freqtrade.resolvers.strategy_resolver - INFO - Strategy using disable_dataframe_checks: False
2026-01-23 22:35:19,998 - freqtrade.resolvers.strategy_resolver - INFO - Strategy using ignore_buying_expired_candle_after: 0
2026-01-23 22:35:19,998 - freqtrade.resolvers.strategy_resolver - INFO - Strategy using position_adjustment_enable: False
2026-01-23 22:35:19,998 - freqtrade.resolvers.strategy_resolver - INFO - Strategy using max_entry_position_adjustment: -1
2026-01-23 22:35:19,999 - freqtrade.resolvers.strategy_resolver - INFO - Strategy using max_open_trades: 3
2026-01-23 22:35:19,999 - freqtrade.configuration.config_validation - INFO - Validating configuration ...
2026-01-23 22:35:20,060 - freqtrade.wallets - INFO - Wallets synced.
2026-01-23 22:35:20,375 - freqtrade.rpc.rpc_manager - INFO - Enabling rpc.telegram ...
2026-01-23 22:35:20,541 - freqtrade.rpc.rpc_manager - INFO - Enabling rpc.api_server
2026-01-23 22:35:20,664 - freqtrade.rpc.telegram - INFO - rpc.telegram is listening for following commands: [['status'], ['profit'], ['balance'], ['start'], ['stop'], ['forceexit', 'forcesell', 'fx'],
['forcebuy', 'forcelong'], ['forceshort'], ['reload_trade'], ['trades'], ['delete'], ['cancel_open_order', 'coo'], ['performance'], ['buys', 'entries'], ['exits', 'sells'], ['mix_tags'], ['stats'], 
['daily'], ['weekly'], ['monthly'], ['count'], ['locks'], ['delete_locks', 'unlock'], ['reload_conf', 'reload_config'], ['show_conf', 'show_config'], ['pause', 'stopbuy', 'stopentry'], ['whitelist'], 
['blacklist'], ['bl_delete', 'blacklist_delete'], ['logs'], ['health'], ['help'], ['version'], ['marketdir'], ['order'], ['list_custom_data'], ['tg_info'], ['profit_long'], ['profit_short']]
2026-01-23 22:35:20,720 - freqtrade.rpc.api_server.webserver - INFO - Starting HTTP Server at 127.0.0.1:8080
2026-01-23 22:35:20,721 - freqtrade.rpc.api_server.webserver - INFO - Starting Local Rest Server.
2026-01-23 22:35:20,753 - uvicorn.error - INFO - Started server process [51996]
2026-01-23 22:35:20,754 - uvicorn.error - INFO - Waiting for application startup.
2026-01-23 22:35:20,755 - uvicorn.error - INFO - Application startup complete.
2026-01-23 22:35:20,756 - uvicorn.error - INFO - Uvicorn running on http://127.0.0.1:8080 (Press CTRL+C to quit)
2026-01-23 22:35:20,758 - freqtrade.resolvers.iresolver - INFO - Using resolved pairlist StaticPairList from 
'/home/offstar0/.local/lib/python3.12/site-packages/freqtrade/plugins/pairlist/StaticPairList.py'...
2026-01-23 22:35:20,758 - freqtrade.freqtradebot - INFO - Starting initial pairlist refresh
2026-01-23 22:35:20,768 - freqtrade.plugins.pairlistmanager - INFO - Whitelist with 2 pairs: ['BTC/USDT', 'ETH/USDT']
2026-01-23 22:35:20,768 - freqtrade.freqtradebot - INFO - Initial Pairlist refresh took 0.01s
2026-01-23 22:35:20,769 - freqtrade.plugins.protectionmanager - INFO - No protection Handlers defined.
2026-01-23 22:35:20,770 - freqtrade.rpc.rpc_manager - INFO - Sending rpc message: {'type': status, 'status': 'running'}
2026-01-23 22:35:20,770 - freqtrade.worker - INFO - Changing state to: RUNNING
2026-01-23 22:35:20,784 - freqtrade.rpc.rpc_manager - INFO - Sending rpc message: {'type': warning, 'status': 'Dry run is enabled. All trades are simulated.'}
2026-01-23 22:35:20,785 - freqtrade.rpc.rpc_manager - INFO - Sending rpc message: {'type': startup, 'status': "*Exchange:* `binance`\n*Stake per trade:* `100 USDT`\n*Minimum ROI:* `{'0': 
0.05}`\n*Stoploss:* `-0.05`\n*Position adjustment:* `Off`\n*Timeframe:* `5m`\n*Strategy:* `SimpleEngramStrategy`"}
2026-01-23 22:35:20,787 - freqtrade.rpc.rpc_manager - INFO - Sending rpc message: {'type': startup, 'status': "Searching for USDT pairs to buy and sell based on [{'StaticPairList': 
'StaticPairList'}]"}
2026-01-23 22:35:20,923 - telegram.ext.Application - INFO - Application started
2026-01-23 22:35:25,279 - freqtrade.worker - INFO - Bot heartbeat. PID=51996, version='2025.12', state='RUNNING'
2026-01-23 22:36:35,775 - freqtrade.worker - INFO - Bot heartbeat. PID=51996, version='2025.12', state='RUNNING'
2026-01-23 22:37:45,913 - freqtrade.worker - INFO - Bot heartbeat. PID=51996, version='2025.12', state='RUNNING'
2026-01-23 22:38:48,452 - freqtrade.worker - INFO - Bot heartbeat. PID=51996, version='2025.12', state='RUNNING'
2026-01-23 22:39:52,301 - freqtrade.worker - INFO - Bot heartbeat. PID=51996, version='2025.12', state='RUNNING'
2026-01-23 22:41:06,317 - freqtrade.worker - INFO - Bot heartbeat. PID=51996, version='2025.12', state='RUNNING'
2026-01-23 22:42:08,473 - freqtrade.worker - INFO - Bot heartbeat. PID=51996, version='2025.12', state='RUNNING'
2026-01-23 22:43:12,309 - freqtrade.worker - INFO - Bot heartbeat. PID=51996, version='2025.12', state='RUNNING'
2026-01-23 22:44:15,943 - freqtrade.worker - INFO - Bot heartbeat. PID=51996, version='2025.12', state='RUNNING'
2026-01-23 22:45:20,647 - freqtrade.worker - INFO - Bot heartbeat. PID=51996, version='2025.12', state='RUNNING'
2026-01-23 22:46:20,705 - freqtrade.worker - INFO - Bot heartbeat. PID=51996, version='2025.12', state='RUNNING'
2026-01-23 22:47:26,860 - freqtrade.worker - INFO - Bot heartbeat. PID=51996, version='2025.12', state='RUNNING'
2026-01-23 22:48:30,173 - freqtrade.worker - INFO - Bot heartbeat. PID=51996, version='2025.12', state='RUNNING'
2026-01-23 22:49:33,853 - freqtrade.worker - INFO - Bot heartbeat. PID=51996, version='2025.12', state='RUNNING'
🚀 Engram-FreqTrade Launcher
========================================
📋 Config: simple_config.json
🎮 Mode: Dry Run (Simulation)
🚀 Starting FreqTrade in dry run mode...
📝 Command: freqtrade trade --config simple_config.json --dry-run
⚠️  This will start the trading bot in simulation mode
   Press Ctrl+C to stop
2026-01-23 22:49:56,387 - freqtrade.commands.trade_commands - INFO - worker found ... calling exit
2026-01-23 22:49:56,388 - freqtrade.rpc.rpc_manager - INFO - Sending rpc message: {'type': status, 'status': 'process died'}
2026-01-23 22:49:56,389 - freqtrade.freqtradebot - INFO - Cleaning up modules ...
2026-01-23 22:49:56,391 - freqtrade.rpc.rpc_manager - INFO - Cleaning up rpc modules ...
2026-01-23 22:49:56,392 - freqtrade.rpc.rpc_manager - INFO - Cleaning up rpc.apiserver ...
2026-01-23 22:49:56,392 - freqtrade.rpc.api_server.webserver - INFO - Stopping API Server
2026-01-23 22:49:56,490 - uvicorn.error - INFO - Shutting down
2026-01-23 22:49:56,598 - uvicorn.error - INFO - Waiting for application shutdown.
2026-01-23 22:49:56,598 - uvicorn.error - INFO - Application shutdown complete.
2026-01-23 22:49:56,599 - uvicorn.error - INFO - Finished server process [51996]
2026-01-23 22:49:56,599 - freqtrade.rpc.rpc_manager - INFO - Cleaning up rpc.telegram ...
2026-01-23 22:49:56,825 - freqtrade.exchange.exchange_ws - INFO - Resetting WS connections.
2026-01-23 22:49:56,826 - freqtrade.exchange.exchange_ws - INFO - BTC/USDT, 5m, spot - Task finished - cancelled
2026-01-23 22:49:56,827 - freqtrade.exchange.exchange_ws - INFO - ETH/USDT, 5m, spot - Task finished - cancelled
2026-01-23 22:49:56,828 - freqtrade.exchange.exchange_ws - ERROR - Exception in _unwatch_ohlcv
Traceback (most recent call last):
  File "/home/offstar0/.local/lib/python3.12/site-packages/freqtrade/exchange/exchange_ws.py", line 144, in _unwatch_ohlcv
    await self._ccxt_object.un_watch_ohlcv_for_symbols([[pair, timeframe]])
  File "/home/offstar0/.local/lib/python3.12/site-packages/ccxt/pro/binance.py", line 1494, in un_watch_ohlcv_for_symbols
    return await self.watch_multiple(url, messageHashes, self.extend(request, params), messageHashes, subscribe)
           ^^^^^^^^^^^^^^^^^^^^^^^^^^^^^^^^^^^^^^^^^^^^^^^^^^^^^^^^^^^^^^^^^^^^^^^^^^^^^^^^^^^^^^^^^^^^^^^^^^^^^
ccxt.base.errors.NetworkError: Connection closed by remote server, closing code 1006
2026-01-23 22:49:56,832 - freqtrade.exchange.exchange_ws - ERROR - Exception in _unwatch_ohlcv
Traceback (most recent call last):
  File "/home/offstar0/.local/lib/python3.12/site-packages/freqtrade/exchange/exchange_ws.py", line 144, in _unwatch_ohlcv
    await self._ccxt_object.un_watch_ohlcv_for_symbols([[pair, timeframe]])
  File "/home/offstar0/.local/lib/python3.12/site-packages/ccxt/pro/binance.py", line 1494, in un_watch_ohlcv_for_symbols
    return await self.watch_multiple(url, messageHashes, self.extend(request, params), messageHashes, subscribe)
           ^^^^^^^^^^^^^^^^^^^^^^^^^^^^^^^^^^^^^^^^^^^^^^^^^^^^^^^^^^^^^^^^^^^^^^^^^^^^^^^^^^^^^^^^^^^^^^^^^^^^^
ccxt.base.errors.NetworkError: Connection closed by remote server, closing code 1006
2026-01-23 22:49:57,865 - freqtrade - INFO - SIGINT received, aborting ...
