2026-01-23 22:50:17,698 - freqtrade - INFO - freqtrade 2025.12
2026-01-23 22:50:19,806 - freqtrade.worker - INFO - Starting worker 2025.12
2026-01-23 22:50:19,806 - freqtrade.configuration.load_config - INFO - Using config: simple_config.json ...
2026-01-23 22:50:19,810 - freqtrade.loggers - INFO - Enabling colorized output.
2026-01-23 22:50:19,811 - freqtrade.loggers - INFO - Logfile configured
2026-01-23 22:50:19,811 - freqtrade.loggers - INFO - Verbosity set to 0
2026-01-23 22:50:19,812 - freqtrade.configuration.configuration - INFO - Parameter --dry-run detected, overriding dry_run to: True ...
2026-01-23 22:50:19,812 - freqtrade.configuration.configuration - INFO - Runmode set to dry_run.
2026-01-23 22:50:19,813 - freqtrade.configuration.configuration - INFO - Dry run is enabled
2026-01-23 22:50:19,813 - freqtrade.configuration.configuration - INFO - Using DB: "sqlite:///tradesv3.dryrun.sqlite"
2026-01-23 22:50:19,813 - freqtrade.configuration.configuration - INFO - Using max_open_trades: 3 ...
2026-01-23 22:50:19,826 - freqtrade.configuration.configuration - INFO - Using user-data directory: /mnt/c/Users/OFFRSTAR0/Engram/user_data ...
2026-01-23 22:50:19,829 - freqtrade.configuration.configuration - INFO - Using data directory: /mnt/c/Users/OFFRSTAR0/Engram/user_data/data/binance ...
2026-01-23 22:50:19,829 - freqtrade.exchange.check_exchange - INFO - Checking exchange...
2026-01-23 22:50:19,837 - freqtrade.exchange.check_exchange - INFO - Exchange "binance" is officially supported by the Freqtrade development team.
2026-01-23 22:50:19,837 - freqtrade.configuration.configuration - INFO - Using pairlist from configuration.
2026-01-23 22:50:19,838 - freqtrade.exchange.exchange - INFO - Instance is running with dry_run enabled
2026-01-23 22:50:19,838 - freqtrade.exchange.exchange - INFO - Using CCXT 4.5.34
2026-01-23 22:50:19,856 - freqtrade.exchange.exchange - INFO - Using Exchange "Binance"
2026-01-23 22:50:21,680 - freqtrade.resolvers.exchange_resolver - INFO - Using resolved exchange 'Binance'...
2026-01-23 22:50:21,750 - freqtrade.resolvers.iresolver - INFO - Using resolved strategy SimpleEngramStrategy from '/mnt/c/Users/OFFRSTAR0/Engram/simple_strategy.py'...
2026-01-23 22:50:21,751 - freqtrade.strategy.hyper - INFO - Found no parameter file.
2026-01-23 22:50:21,751 - freqtrade.resolvers.strategy_resolver - INFO - Override strategy 'timeframe' with value from the configuration: 5m.
2026-01-23 22:50:21,752 - freqtrade.resolvers.strategy_resolver - INFO - Override strategy 'stake_currency' with value from the configuration: USDT.
2026-01-23 22:50:21,752 - freqtrade.resolvers.strategy_resolver - INFO - Override strategy 'stake_amount' with value from the configuration: 100.
2026-01-23 22:50:21,752 - freqtrade.resolvers.strategy_resolver - INFO - Override strategy 'unfilledtimeout' with value from the configuration: {'entry': 10, 'exit': 10, 'exit_timeout_count': 0, 
'unit': 'minutes'}.
2026-01-23 22:50:21,753 - freqtrade.resolvers.strategy_resolver - INFO - Override strategy 'max_open_trades' with value from the configuration: 3.
2026-01-23 22:50:21,753 - freqtrade.resolvers.strategy_resolver - INFO - Strategy using minimal_roi: {'0': 0.05}
2026-01-23 22:50:21,754 - freqtrade.resolvers.strategy_resolver - INFO - Strategy using timeframe: 5m
2026-01-23 22:50:21,754 - freqtrade.resolvers.strategy_resolver - INFO - Strategy using stoploss: -0.05
2026-01-23 22:50:21,754 - freqtrade.resolvers.strategy_resolver - INFO - Strategy using trailing_stop: False
2026-01-23 22:50:21,755 - freqtrade.resolvers.strategy_resolver - INFO - Strategy using trailing_stop_positive_offset: 0.0
2026-01-23 22:50:21,755 - freqtrade.resolvers.strategy_resolver - INFO - Strategy using trailing_only_offset_is_reached: False
2026-01-23 22:50:21,756 - freqtrade.resolvers.strategy_resolver - INFO - Strategy using use_custom_stoploss: False
2026-01-23 22:50:21,756 - freqtrade.resolvers.strategy_resolver - INFO - Strategy using process_only_new_candles: True
2026-01-23 22:50:21,756 - freqtrade.resolvers.strategy_resolver - INFO - Strategy using order_types: {'entry': 'limit', 'exit': 'limit', 'stoploss': 'limit', 'stoploss_on_exchange': False, 
'stoploss_on_exchange_interval': 60}
2026-01-23 22:50:21,757 - freqtrade.resolvers.strategy_resolver - INFO - Strategy using order_time_in_force: {'entry': 'GTC', 'exit': 'GTC'}
2026-01-23 22:50:21,757 - freqtrade.resolvers.strategy_resolver - INFO - Strategy using stake_currency: USDT
2026-01-23 22:50:21,757 - freqtrade.resolvers.strategy_resolver - INFO - Strategy using stake_amount: 100
2026-01-23 22:50:21,758 - freqtrade.resolvers.strategy_resolver - INFO - Strategy using startup_candle_count: 20
2026-01-23 22:50:21,758 - freqtrade.resolvers.strategy_resolver - INFO - Strategy using unfilledtimeout: {'entry': 10, 'exit': 10, 'exit_timeout_count': 0, 'unit': 'minutes'}
2026-01-23 22:50:21,759 - freqtrade.resolvers.strategy_resolver - INFO - Strategy using use_exit_signal: True
2026-01-23 22:50:21,759 - freqtrade.resolvers.strategy_resolver - INFO - Strategy using exit_profit_only: False
2026-01-23 22:50:21,759 - freqtrade.resolvers.strategy_resolver - INFO - Strategy using ignore_roi_if_entry_signal: False
2026-01-23 22:50:21,760 - freqtrade.resolvers.strategy_resolver - INFO - Strategy using exit_profit_offset: 0.0
2026-01-23 22:50:21,760 - freqtrade.resolvers.strategy_resolver - INFO - Strategy using disable_dataframe_checks: False
2026-01-23 22:50:21,760 - freqtrade.resolvers.strategy_resolver - INFO - Strategy using ignore_buying_expired_candle_after: 0
2026-01-23 22:50:21,761 - freqtrade.resolvers.strategy_resolver - INFO - Strategy using position_adjustment_enable: False
2026-01-23 22:50:21,761 - freqtrade.resolvers.strategy_resolver - INFO - Strategy using max_entry_position_adjustment: -1
2026-01-23 22:50:21,762 - freqtrade.resolvers.strategy_resolver - INFO - Strategy using max_open_trades: 3
2026-01-23 22:50:21,762 - freqtrade.configuration.config_validation - INFO - Validating configuration ...
2026-01-23 22:50:21,813 - freqtrade.wallets - INFO - Wallets synced.
2026-01-23 22:50:22,234 - freqtrade.rpc.rpc_manager - INFO - Enabling rpc.telegram ...
2026-01-23 22:50:22,399 - freqtrade.rpc.rpc_manager - INFO - Enabling rpc.api_server
2026-01-23 22:50:22,533 - freqtrade.rpc.telegram - INFO - rpc.telegram is listening for following commands: [['status'], ['profit'], ['balance'], ['start'], ['stop'], ['forceexit', 'forcesell', 'fx'],
['forcebuy', 'forcelong'], ['forceshort'], ['reload_trade'], ['trades'], ['delete'], ['cancel_open_order', 'coo'], ['performance'], ['buys', 'entries'], ['exits', 'sells'], ['mix_tags'], ['stats'], 
['daily'], ['weekly'], ['monthly'], ['count'], ['locks'], ['delete_locks', 'unlock'], ['reload_conf', 'reload_config'], ['show_conf', 'show_config'], ['pause', 'stopbuy', 'stopentry'], ['whitelist'], 
['blacklist'], ['bl_delete', 'blacklist_delete'], ['logs'], ['health'], ['help'], ['version'], ['marketdir'], ['order'], ['list_custom_data'], ['tg_info'], ['profit_long'], ['profit_short']]
2026-01-23 22:50:22,612 - freqtrade.rpc.api_server.webserver - INFO - Starting HTTP Server at 127.0.0.1:8080
2026-01-23 22:50:22,613 - freqtrade.rpc.api_server.webserver - INFO - Starting Local Rest Server.
2026-01-23 22:50:22,637 - uvicorn.error - INFO - Started server process [52851]
2026-01-23 22:50:22,638 - uvicorn.error - INFO - Waiting for application startup.
2026-01-23 22:50:22,639 - uvicorn.error - INFO - Application startup complete.
2026-01-23 22:50:22,640 - uvicorn.error - INFO - Uvicorn running on http://127.0.0.1:8080 (Press CTRL+C to quit)
2026-01-23 22:50:22,643 - freqtrade.resolvers.iresolver - INFO - Using resolved pairlist StaticPairList from 
'/home/offstar0/.local/lib/python3.12/site-packages/freqtrade/plugins/pairlist/StaticPairList.py'...
2026-01-23 22:50:22,644 - freqtrade.freqtradebot - INFO - Starting initial pairlist refresh
2026-01-23 22:50:22,656 - freqtrade.plugins.pairlistmanager - INFO - Whitelist with 2 pairs: ['BTC/USDT', 'ETH/USDT']
2026-01-23 22:50:22,657 - freqtrade.freqtradebot - INFO - Initial Pairlist refresh took 0.01s
2026-01-23 22:50:22,658 - freqtrade.plugins.protectionmanager - INFO - No protection Handlers defined.
2026-01-23 22:50:22,658 - freqtrade.rpc.rpc_manager - INFO - Sending rpc message: {'type': status, 'status': 'running'}
2026-01-23 22:50:22,659 - freqtrade.worker - INFO - Changing state to: RUNNING
2026-01-23 22:50:22,674 - freqtrade.rpc.rpc_manager - INFO - Sending rpc message: {'type': warning, 'status': 'Dry run is enabled. All trades are simulated.'}
2026-01-23 22:50:22,675 - freqtrade.rpc.rpc_manager - INFO - Sending rpc message: {'type': startup, 'status': "*Exchange:* `binance`\n*Stake per trade:* `100 USDT`\n*Minimum ROI:* `{'0': 
0.05}`\n*Stoploss:* `-0.05`\n*Position adjustment:* `Off`\n*Timeframe:* `5m`\n*Strategy:* `SimpleEngramStrategy`"}
2026-01-23 22:50:22,676 - freqtrade.rpc.rpc_manager - INFO - Sending rpc message: {'type': startup, 'status': "Searching for USDT pairs to buy and sell based on [{'StaticPairList': 
'StaticPairList'}]"}
2026-01-23 22:50:22,852 - telegram.ext.Application - INFO - Application started
2026-01-23 22:50:27,155 - freqtrade.worker - INFO - Bot heartbeat. PID=52851, version='2025.12', state='RUNNING'
2026-01-23 22:51:31,389 - freqtrade.worker - INFO - Bot heartbeat. PID=52851, version='2025.12', state='RUNNING'
2026-01-23 22:52:35,883 - freqtrade.worker - INFO - Bot heartbeat. PID=52851, version='2025.12', state='RUNNING'
2026-01-23 22:53:39,940 - freqtrade.worker - INFO - Bot heartbeat. PID=52851, version='2025.12', state='RUNNING'
2026-01-23 22:54:43,694 - freqtrade.worker - INFO - Bot heartbeat. PID=52851, version='2025.12', state='RUNNING'
2026-01-23 22:55:46,615 - freqtrade.worker - INFO - Bot heartbeat. PID=52851, version='2025.12', state='RUNNING'
2026-01-23 22:56:51,328 - freqtrade.worker - INFO - Bot heartbeat. PID=52851, version='2025.12', state='RUNNING'
2026-01-23 22:57:55,226 - freqtrade.worker - INFO - Bot heartbeat. PID=52851, version='2025.12', state='RUNNING'
2026-01-23 22:58:55,997 - freqtrade.worker - INFO - Bot heartbeat. PID=52851, version='2025.12', state='RUNNING'
2026-01-23 23:00:00,897 - freqtrade.worker - INFO - Bot heartbeat. PID=52851, version='2025.12', state='RUNNING'
2026-01-23 23:01:05,040 - freqtrade.worker - INFO - Bot heartbeat. PID=52851, version='2025.12', state='RUNNING'
2026-01-23 23:02:05,126 - freqtrade.worker - INFO - Bot heartbeat. PID=52851, version='2025.12', state='RUNNING'
2026-01-23 23:03:08,829 - freqtrade.worker - INFO - Bot heartbeat. PID=52851, version='2025.12', state='RUNNING'
2026-01-23 23:04:12,564 - freqtrade.worker - INFO - Bot heartbeat. PID=52851, version='2025.12', state='RUNNING'
2026-01-23 23:05:14,970 - freqtrade.worker - INFO - Bot heartbeat. PID=52851, version='2025.12', state='RUNNING'
2026-01-23 23:06:16,008 - freqtrade.worker - INFO - Bot heartbeat. PID=52851, version='2025.12', state='RUNNING'
2026-01-23 23:07:18,677 - freqtrade.worker - INFO - Bot heartbeat. PID=52851, version='2025.12', state='RUNNING'
2026-01-23 23:08:20,855 - freqtrade.worker - INFO - Bot heartbeat. PID=52851, version='2025.12', state='RUNNING'
2026-01-23 23:09:25,014 - freqtrade.worker - INFO - Bot heartbeat. PID=52851, version='2025.12', state='RUNNING'
2026-01-23 23:10:28,425 - freqtrade.worker - INFO - Bot heartbeat. PID=52851, version='2025.12', state='RUNNING'
2026-01-23 23:11:32,637 - freqtrade.worker - INFO - Bot heartbeat. PID=52851, version='2025.12', state='RUNNING'
2026-01-23 23:12:33,229 - freqtrade.worker - INFO - Bot heartbeat. PID=52851, version='2025.12', state='RUNNING'
2026-01-23 23:13:37,117 - freqtrade.worker - INFO - Bot heartbeat. PID=52851, version='2025.12', state='RUNNING'
2026-01-23 23:14:41,054 - freqtrade.worker - INFO - Bot heartbeat. PID=52851, version='2025.12', state='RUNNING'
2026-01-23 23:15:43,268 - freqtrade.worker - INFO - Bot heartbeat. PID=52851, version='2025.12', state='RUNNING'
2026-01-23 23:16:43,665 - freqtrade.worker - INFO - Bot heartbeat. PID=52851, version='2025.12', state='RUNNING'
2026-01-23 23:17:44,050 - freqtrade.worker - INFO - Bot heartbeat. PID=52851, version='2025.12', state='RUNNING'
2026-01-23 23:18:48,939 - freqtrade.worker - INFO - Bot heartbeat. PID=52851, version='2025.12', state='RUNNING'
2026-01-23 23:19:49,776 - freqtrade.worker - INFO - Bot heartbeat. PID=52851, version='2025.12', state='RUNNING'
2026-01-23 23:20:52,419 - freqtrade.worker - INFO - Bot heartbeat. PID=52851, version='2025.12', state='RUNNING'
2026-01-23 23:21:56,246 - freqtrade.worker - INFO - Bot heartbeat. PID=52851, version='2025.12', state='RUNNING'
2026-01-23 23:22:14,909 - freqtrade.commands.trade_commands - INFO - worker found ... calling exit
2026-01-23 23:22:14,911 - freqtrade.rpc.rpc_manager - INFO - Sending rpc message: {'type': status, 'status': 'process died'}
2026-01-23 23:22:14,911 - freqtrade.freqtradebot - INFO - Cleaning up modules ...
2026-01-23 23:22:14,915 - freqtrade.rpc.rpc_manager - INFO - Cleaning up rpc modules ...
2026-01-23 23:22:14,916 - freqtrade.rpc.rpc_manager - INFO - Cleaning up rpc.apiserver ...
2026-01-23 23:22:14,917 - freqtrade.rpc.api_server.webserver - INFO - Stopping API Server
2026-01-23 23:22:14,975 - uvicorn.error - INFO - Shutting down
2026-01-23 23:22:15,077 - uvicorn.error - INFO - Waiting for application shutdown.
2026-01-23 23:22:15,082 - uvicorn.error - INFO - Application shutdown complete.
2026-01-23 23:22:15,085 - uvicorn.error - INFO - Finished server process [52851]
2026-01-23 23:22:15,086 - freqtrade.rpc.rpc_manager - INFO - Cleaning up rpc.telegram ...
2026-01-23 23:22:15,217 - telegram.ext.Application - INFO - Application is stopping. This might take a moment.
2026-01-23 23:22:15,218 - telegram.ext.Application - INFO - Application.stop() complete
2026-01-23 23:22:18,693 - freqtrade.exchange.exchange_ws - INFO - Resetting WS connections.
2026-01-23 23:22:18,695 - freqtrade.exchange.exchange_ws - INFO - BTC/USDT, 5m, spot - Task finished - cancelled
2026-01-23 23:22:18,696 - freqtrade.exchange.exchange_ws - INFO - ETH/USDT, 5m, spot - Task finished - cancelled
2026-01-23 23:22:18,698 - freqtrade.exchange.exchange_ws - ERROR - Exception in _unwatch_ohlcv
Traceback (most recent call last):
  File "/home/offstar0/.local/lib/python3.12/site-packages/freqtrade/exchange/exchange_ws.py", line 144, in _unwatch_ohlcv
    await self._ccxt_object.un_watch_ohlcv_for_symbols([[pair, timeframe]])
  File "/home/offstar0/.local/lib/python3.12/site-packages/ccxt/pro/binance.py", line 1494, in un_watch_ohlcv_for_symbols
    return await self.watch_multiple(url, messageHashes, self.extend(request, params), messageHashes, subscribe)
           ^^^^^^^^^^^^^^^^^^^^^^^^^^^^^^^^^^^^^^^^^^^^^^^^^^^^^^^^^^^^^^^^^^^^^^^^^^^^^^^^^^^^^^^^^^^^^^^^^^^^^
ccxt.base.errors.NetworkError: Connection closed by remote server, closing code 1006
2026-01-23 23:22:18,706 - freqtrade.exchange.exchange_ws - ERROR - Exception in _unwatch_ohlcv
Traceback (most recent call last):
  File "/home/offstar0/.local/lib/python3.12/site-packages/freqtrade/exchange/exchange_ws.py", line 144, in _unwatch_ohlcv
    await self._ccxt_object.un_watch_ohlcv_for_symbols([[pair, timeframe]])
  File "/home/offstar0/.local/lib/python3.12/site-packages/ccxt/pro/binance.py", line 1494, in un_watch_ohlcv_for_symbols
    return await self.watch_multiple(url, messageHashes, self.extend(request, params), messageHashes, subscribe)
           ^^^^^^^^^^^^^^^^^^^^^^^^^^^^^^^^^^^^^^^^^^^^^^^^^^^^^^^^^^^^^^^^^^^^^^^^^^^^^^^^^^^^^^^^^^^^^^^^^^^^^
ccxt.base.errors.NetworkError: Connection closed by remote server, closing code 1006
2026-01-23 23:22:19,291 - freqtrade - INFO - SIGINT received, aborting ...
