2026-01-23 23:24:14,098 - freqtrade - INFO - freqtrade 2025.12
2026-01-23 23:24:16,508 - freqtrade.worker - INFO - Starting worker 2025.12
2026-01-23 23:24:16,509 - freqtrade.configuration.load_config - INFO - Using config: working_telegram_config.json ...
2026-01-23 23:24:16,513 - freqtrade.loggers - INFO - Enabling colorized output.
2026-01-23 23:24:16,513 - freqtrade.loggers - INFO - Logfile configured
2026-01-23 23:24:16,513 - freqtrade.loggers - INFO - Verbosity set to 0
2026-01-23 23:24:16,514 - freqtrade.configuration.configuration - INFO - Parameter --dry-run detected, overriding dry_run to: True ...
2026-01-23 23:24:16,514 - freqtrade.configuration.configuration - INFO - Runmode set to dry_run.
2026-01-23 23:24:16,515 - freqtrade.configuration.configuration - INFO - Dry run is enabled
2026-01-23 23:24:16,515 - freqtrade.configuration.configuration - INFO - Using DB: "sqlite:///tradesv3.dryrun.sqlite"
2026-01-23 23:24:16,515 - freqtrade.configuration.configuration - INFO - Using max_open_trades: 3 ...
2026-01-23 23:24:16,528 - freqtrade.configuration.configuration - INFO - Using user-data directory: /mnt/c/Users/OFFRSTAR0/Engram/user_data ...
2026-01-23 23:24:16,530 - freqtrade.configuration.configuration - INFO - Using data directory: /mnt/c/Users/OFFRSTAR0/Engram/user_data/data/binance ...
2026-01-23 23:24:16,531 - freqtrade.exchange.check_exchange - INFO - Checking exchange...
2026-01-23 23:24:16,538 - freqtrade.exchange.check_exchange - INFO - Exchange "binance" is officially supported by the Freqtrade development team.
2026-01-23 23:24:16,538 - freqtrade.configuration.configuration - INFO - Using pairlist from configuration.
2026-01-23 23:24:16,539 - freqtrade.exchange.exchange - INFO - Instance is running with dry_run enabled
2026-01-23 23:24:16,539 - freqtrade.exchange.exchange - INFO - Using CCXT 4.5.34
2026-01-23 23:24:16,556 - freqtrade.exchange.exchange - INFO - Using Exchange "Binance"
2026-01-23 23:24:18,601 - freqtrade.resolvers.exchange_resolver - INFO - Using resolved exchange 'Binance'...
2026-01-23 23:24:18,673 - freqtrade.resolvers.iresolver - INFO - Using resolved strategy SimpleEngramStrategy from '/mnt/c/Users/OFFRSTAR0/Engram/simple_strategy.py'...
2026-01-23 23:24:18,674 - freqtrade.strategy.hyper - INFO - Found no parameter file.
2026-01-23 23:24:18,675 - freqtrade.resolvers.strategy_resolver - INFO - Override strategy 'timeframe' with value from the configuration: 5m.
2026-01-23 23:24:18,675 - freqtrade.resolvers.strategy_resolver - INFO - Override strategy 'stake_currency' with value from the configuration: USDT.
2026-01-23 23:24:18,676 - freqtrade.resolvers.strategy_resolver - INFO - Override strategy 'stake_amount' with value from the configuration: 100.
2026-01-23 23:24:18,676 - freqtrade.resolvers.strategy_resolver - INFO - Override strategy 'unfilledtimeout' with value from the configuration: {'entry': 10, 'exit': 10, 'exit_timeout_count': 0, 
'unit': 'minutes'}.
2026-01-23 23:24:18,677 - freqtrade.resolvers.strategy_resolver - INFO - Override strategy 'max_open_trades' with value from the configuration: 3.
2026-01-23 23:24:18,677 - freqtrade.resolvers.strategy_resolver - INFO - Strategy using minimal_roi: {'0': 0.05}
2026-01-23 23:24:18,677 - freqtrade.resolvers.strategy_resolver - INFO - Strategy using timeframe: 5m
2026-01-23 23:24:18,678 - freqtrade.resolvers.strategy_resolver - INFO - Strategy using stoploss: -0.05
2026-01-23 23:24:18,678 - freqtrade.resolvers.strategy_resolver - INFO - Strategy using trailing_stop: False
2026-01-23 23:24:18,678 - freqtrade.resolvers.strategy_resolver - INFO - Strategy using trailing_stop_positive_offset: 0.0
2026-01-23 23:24:18,679 - freqtrade.resolvers.strategy_resolver - INFO - Strategy using trailing_only_offset_is_reached: False
2026-01-23 23:24:18,679 - freqtrade.resolvers.strategy_resolver - INFO - Strategy using use_custom_stoploss: False
2026-01-23 23:24:18,679 - freqtrade.resolvers.strategy_resolver - INFO - Strategy using process_only_new_candles: True
2026-01-23 23:24:18,680 - freqtrade.resolvers.strategy_resolver - INFO - Strategy using order_types: {'entry': 'limit', 'exit': 'limit', 'stoploss': 'limit', 'stoploss_on_exchange': False, 
'stoploss_on_exchange_interval': 60}
2026-01-23 23:24:18,680 - freqtrade.resolvers.strategy_resolver - INFO - Strategy using order_time_in_force: {'entry': 'GTC', 'exit': 'GTC'}
2026-01-23 23:24:18,681 - freqtrade.resolvers.strategy_resolver - INFO - Strategy using stake_currency: USDT
2026-01-23 23:24:18,681 - freqtrade.resolvers.strategy_resolver - INFO - Strategy using stake_amount: 100
2026-01-23 23:24:18,681 - freqtrade.resolvers.strategy_resolver - INFO - Strategy using startup_candle_count: 20
2026-01-23 23:24:18,682 - freqtrade.resolvers.strategy_resolver - INFO - Strategy using unfilledtimeout: {'entry': 10, 'exit': 10, 'exit_timeout_count': 0, 'unit': 'minutes'}
2026-01-23 23:24:18,682 - freqtrade.resolvers.strategy_resolver - INFO - Strategy using use_exit_signal: True
2026-01-23 23:24:18,682 - freqtrade.resolvers.strategy_resolver - INFO - Strategy using exit_profit_only: False
2026-01-23 23:24:18,683 - freqtrade.resolvers.strategy_resolver - INFO - Strategy using ignore_roi_if_entry_signal: False
2026-01-23 23:24:18,683 - freqtrade.resolvers.strategy_resolver - INFO - Strategy using exit_profit_offset: 0.0
2026-01-23 23:24:18,683 - freqtrade.resolvers.strategy_resolver - INFO - Strategy using disable_dataframe_checks: False
2026-01-23 23:24:18,684 - freqtrade.resolvers.strategy_resolver - INFO - Strategy using ignore_buying_expired_candle_after: 0
2026-01-23 23:24:18,684 - freqtrade.resolvers.strategy_resolver - INFO - Strategy using position_adjustment_enable: False
2026-01-23 23:24:18,684 - freqtrade.resolvers.strategy_resolver - INFO - Strategy using max_entry_position_adjustment: -1
2026-01-23 23:24:18,685 - freqtrade.resolvers.strategy_resolver - INFO - Strategy using max_open_trades: 3
2026-01-23 23:24:18,685 - freqtrade.configuration.config_validation - INFO - Validating configuration ...
2026-01-23 23:24:18,744 - freqtrade.wallets - INFO - Wallets synced.
2026-01-23 23:24:19,035 - freqtrade.rpc.rpc_manager - INFO - Enabling rpc.telegram ...
2026-01-23 23:24:19,194 - freqtrade.rpc.rpc_manager - INFO - Enabling rpc.api_server
2026-01-23 23:24:19,313 - freqtrade.rpc.telegram - INFO - rpc.telegram is listening for following commands: [['status'], ['profit'], ['balance'], ['start'], ['stop'], ['forceexit', 'forcesell', 'fx'],
['forcebuy', 'forcelong'], ['forceshort'], ['reload_trade'], ['trades'], ['delete'], ['cancel_open_order', 'coo'], ['performance'], ['buys', 'entries'], ['exits', 'sells'], ['mix_tags'], ['stats'], 
['daily'], ['weekly'], ['monthly'], ['count'], ['locks'], ['delete_locks', 'unlock'], ['reload_conf', 'reload_config'], ['show_conf', 'show_config'], ['pause', 'stopbuy', 'stopentry'], ['whitelist'], 
['blacklist'], ['bl_delete', 'blacklist_delete'], ['logs'], ['health'], ['help'], ['version'], ['marketdir'], ['order'], ['list_custom_data'], ['tg_info'], ['profit_long'], ['profit_short']]
2026-01-23 23:24:19,373 - freqtrade.rpc.api_server.webserver - INFO - Starting HTTP Server at 127.0.0.1:8080
2026-01-23 23:24:19,374 - freqtrade.rpc.api_server.webserver - INFO - Starting Local Rest Server.
2026-01-23 23:24:19,402 - uvicorn.error - INFO - Started server process [55352]
2026-01-23 23:24:19,403 - uvicorn.error - INFO - Waiting for application startup.
2026-01-23 23:24:19,403 - uvicorn.error - INFO - Application startup complete.
2026-01-23 23:24:19,404 - uvicorn.error - INFO - Uvicorn running on http://127.0.0.1:8080 (Press CTRL+C to quit)
2026-01-23 23:24:19,407 - freqtrade.resolvers.iresolver - INFO - Using resolved pairlist StaticPairList from 
'/home/offstar0/.local/lib/python3.12/site-packages/freqtrade/plugins/pairlist/StaticPairList.py'...
2026-01-23 23:24:19,407 - freqtrade.freqtradebot - INFO - Starting initial pairlist refresh
2026-01-23 23:24:19,417 - freqtrade.plugins.pairlistmanager - INFO - Whitelist with 2 pairs: ['BTC/USDT', 'ETH/USDT']
2026-01-23 23:24:19,418 - freqtrade.freqtradebot - INFO - Initial Pairlist refresh took 0.01s
2026-01-23 23:24:19,418 - freqtrade.plugins.protectionmanager - INFO - No protection Handlers defined.
2026-01-23 23:24:19,419 - freqtrade.rpc.rpc_manager - INFO - Sending rpc message: {'type': status, 'status': 'running'}
2026-01-23 23:24:19,420 - freqtrade.worker - INFO - Changing state to: RUNNING
2026-01-23 23:24:19,435 - freqtrade.rpc.rpc_manager - INFO - Sending rpc message: {'type': warning, 'status': 'Dry run is enabled. All trades are simulated.'}
2026-01-23 23:24:19,435 - freqtrade.rpc.rpc_manager - INFO - Sending rpc message: {'type': startup, 'status': "*Exchange:* `binance`\n*Stake per trade:* `100 USDT`\n*Minimum ROI:* `{'0': 
0.05}`\n*Stoploss:* `-0.05`\n*Position adjustment:* `Off`\n*Timeframe:* `5m`\n*Strategy:* `SimpleEngramStrategy`"}
2026-01-23 23:24:19,437 - freqtrade.rpc.rpc_manager - INFO - Sending rpc message: {'type': startup, 'status': "Searching for USDT pairs to buy and sell based on [{'StaticPairList': 
'StaticPairList'}]"}
2026-01-23 23:24:19,113 - telegram.ext.Application - INFO - Application started
2026-01-23 23:24:24,448 - freqtrade.worker - INFO - Bot heartbeat. PID=55352, version='2025.12', state='RUNNING'
2026-01-23 23:25:28,516 - freqtrade.worker - INFO - Bot heartbeat. PID=55352, version='2025.12', state='RUNNING'
2026-01-23 23:26:23,077 - telegram.ext.Updater - ERROR - Exception happened while polling for updates.
Traceback (most recent call last):
  File "/home/offstar0/.local/lib/python3.12/site-packages/telegram/ext/_utils/networkloop.py", line 134, in network_retry_loop
    await do_action()
  File "/home/offstar0/.local/lib/python3.12/site-packages/telegram/ext/_utils/networkloop.py", line 127, in do_action
    action_cb_task.result()
  File "/home/offstar0/.local/lib/python3.12/site-packages/telegram/ext/_updater.py", line 340, in polling_action_cb
    updates = await self.bot.get_updates(
              ^^^^^^^^^^^^^^^^^^^^^^^^^^^
  File "/home/offstar0/.local/lib/python3.12/site-packages/telegram/ext/_extbot.py", line 676, in get_updates
    updates = await super().get_updates(
              ^^^^^^^^^^^^^^^^^^^^^^^^^^
  File "/home/offstar0/.local/lib/python3.12/site-packages/telegram/_bot.py", line 4780, in get_updates
    await self._post(
  File "/home/offstar0/.local/lib/python3.12/site-packages/telegram/_bot.py", line 703, in _post
    return await self._do_post(
           ^^^^^^^^^^^^^^^^^^^^
  File "/home/offstar0/.local/lib/python3.12/site-packages/telegram/ext/_extbot.py", line 372, in _do_post
    return await super()._do_post(
           ^^^^^^^^^^^^^^^^^^^^^^^
  File "/home/offstar0/.local/lib/python3.12/site-packages/telegram/_bot.py", line 732, in _do_post
    result = await request.post(
             ^^^^^^^^^^^^^^^^^^^
  File "/home/offstar0/.local/lib/python3.12/site-packages/telegram/request/_baserequest.py", line 198, in post
    result = await self._request_wrapper(
             ^^^^^^^^^^^^^^^^^^^^^^^^^^^^
  File "/home/offstar0/.local/lib/python3.12/site-packages/telegram/request/_baserequest.py", line 375, in _request_wrapper
    raise exception
telegram.error.Conflict: Conflict: terminated by other getUpdates request; make sure that only one bot instance is running
2026-01-23 23:26:32,543 - freqtrade.worker - INFO - Bot heartbeat. PID=55352, version='2025.12', state='RUNNING'
2026-01-23 23:27:36,611 - freqtrade.worker - INFO - Bot heartbeat. PID=55352, version='2025.12', state='RUNNING'
2026-01-23 23:28:36,890 - freqtrade.worker - INFO - Bot heartbeat. PID=55352, version='2025.12', state='RUNNING'
2026-01-23 23:29:14,418 - freqtrade.commands.trade_commands - INFO - worker found ... calling exit
2026-01-23 23:29:14,419 - freqtrade.rpc.rpc_manager - INFO - Sending rpc message: {'type': status, 'status': 'process died'}
2026-01-23 23:29:14,419 - freqtrade.freqtradebot - INFO - Cleaning up modules ...
2026-01-23 23:29:14,422 - freqtrade.rpc.rpc_manager - INFO - Cleaning up rpc modules ...
2026-01-23 23:29:14,423 - freqtrade.rpc.rpc_manager - INFO - Cleaning up rpc.apiserver ...
2026-01-23 23:29:14,423 - freqtrade.rpc.api_server.webserver - INFO - Stopping API Server
2026-01-23 23:29:14,506 - uvicorn.error - INFO - Shutting down
2026-01-23 23:29:14,608 - uvicorn.error - INFO - Waiting for application shutdown.
2026-01-23 23:29:14,609 - uvicorn.error - INFO - Application shutdown complete.
2026-01-23 23:29:14,610 - uvicorn.error - INFO - Finished server process [55352]
2026-01-23 23:29:14,611 - freqtrade.rpc.rpc_manager - INFO - Cleaning up rpc.telegram ...
2026-01-23 23:29:14,763 - telegram.ext.Application - INFO - Application is stopping. This might take a moment.
2026-01-23 23:29:14,764 - telegram.ext.Application - INFO - Application.stop() complete
2026-01-23 23:29:20,230 - freqtrade.exchange.exchange_ws - INFO - Resetting WS connections.
2026-01-23 23:29:20,232 - freqtrade.exchange.exchange_ws - INFO - ETH/USDT, 5m, spot - Task finished - cancelled
2026-01-23 23:29:20,232 - freqtrade.exchange.exchange_ws - INFO - BTC/USDT, 5m, spot - Task finished - cancelled
2026-01-23 23:29:20,233 - freqtrade.exchange.exchange_ws - ERROR - Exception in _unwatch_ohlcv
Traceback (most recent call last):
  File "/home/offstar0/.local/lib/python3.12/site-packages/freqtrade/exchange/exchange_ws.py", line 144, in _unwatch_ohlcv
    await self._ccxt_object.un_watch_ohlcv_for_symbols([[pair, timeframe]])
  File "/home/offstar0/.local/lib/python3.12/site-packages/ccxt/pro/binance.py", line 1494, in un_watch_ohlcv_for_symbols
    return await self.watch_multiple(url, messageHashes, self.extend(request, params), messageHashes, subscribe)
           ^^^^^^^^^^^^^^^^^^^^^^^^^^^^^^^^^^^^^^^^^^^^^^^^^^^^^^^^^^^^^^^^^^^^^^^^^^^^^^^^^^^^^^^^^^^^^^^^^^^^^
ccxt.base.errors.NetworkError: Connection closed by remote server, closing code 1006
2026-01-23 23:29:20,239 - freqtrade.exchange.exchange_ws - ERROR - Exception in _unwatch_ohlcv
Traceback (most recent call last):
  File "/home/offstar0/.local/lib/python3.12/site-packages/freqtrade/exchange/exchange_ws.py", line 144, in _unwatch_ohlcv
    await self._ccxt_object.un_watch_ohlcv_for_symbols([[pair, timeframe]])
  File "/home/offstar0/.local/lib/python3.12/site-packages/ccxt/pro/binance.py", line 1494, in un_watch_ohlcv_for_symbols
    return await self.watch_multiple(url, messageHashes, self.extend(request, params), messageHashes, subscribe)
           ^^^^^^^^^^^^^^^^^^^^^^^^^^^^^^^^^^^^^^^^^^^^^^^^^^^^^^^^^^^^^^^^^^^^^^^^^^^^^^^^^^^^^^^^^^^^^^^^^^^^^
ccxt.base.errors.NetworkError: Connection closed by remote server, closing code 1006
2026-01-23 23:29:21,342 - freqtrade - INFO - SIGINT received, aborting ...
