2026-01-23 23:45:55,256 - freqtrade - INFO - freqtrade 2025.12
2026-01-23 23:46:08,007 - freqtrade.worker - INFO - Starting worker 2025.12
2026-01-23 23:46:08,008 - freqtrade.configuration.load_config - INFO - Using config: complete_telegram_config.json ...
2026-01-23 23:46:08,012 - freqtrade.loggers - INFO - Enabling colorized output.
2026-01-23 23:46:08,012 - freqtrade.loggers - INFO - Logfile configured
2026-01-23 23:46:08,012 - freqtrade.loggers - INFO - Verbosity set to 0
2026-01-23 23:46:08,013 - freqtrade.configuration.configuration - INFO - Parameter --dry-run detected, overriding dry_run to: True ...
2026-01-23 23:46:08,013 - freqtrade.configuration.configuration - INFO - Runmode set to dry_run.
2026-01-23 23:46:08,014 - freqtrade.configuration.configuration - INFO - Using additional Strategy lookup path: .
2026-01-23 23:46:08,014 - freqtrade.configuration.configuration - INFO - Dry run is enabled
2026-01-23 23:46:08,015 - freqtrade.configuration.configuration - INFO - Using DB: "sqlite:///tradesv3.dryrun.sqlite"
2026-01-23 23:46:08,015 - freqtrade.configuration.configuration - INFO - Using max_open_trades: 1 ...
2026-01-23 23:46:08,031 - freqtrade.configuration.configuration - INFO - Using user-data directory: /mnt/c/Users/OFFRSTAR0/Engram/user_data ...
2026-01-23 23:46:08,034 - freqtrade.configuration.configuration - INFO - Using data directory: /mnt/c/Users/OFFRSTAR0/Engram/user_data/data/binance ...
2026-01-23 23:46:08,036 - freqtrade.exchange.check_exchange - INFO - Checking exchange...
2026-01-23 23:46:08,045 - freqtrade.exchange.check_exchange - INFO - Exchange "binance" is officially supported by the Freqtrade development team.
2026-01-23 23:46:08,046 - freqtrade.configuration.configuration - INFO - Using pairlist from configuration.
2026-01-23 23:46:08,046 - freqtrade.exchange.exchange - INFO - Instance is running with dry_run enabled
2026-01-23 23:46:08,047 - freqtrade.exchange.exchange - INFO - Using CCXT 4.5.34
2026-01-23 23:46:08,070 - freqtrade.exchange.exchange - INFO - Using Exchange "Binance"
2026-01-23 23:46:09,868 - freqtrade.resolvers.exchange_resolver - INFO - Using resolved exchange 'Binance'...
2026-01-23 23:46:09,945 - freqtrade.resolvers.iresolver - INFO - Using resolved strategy SimpleEngramStrategy from '/mnt/c/Users/OFFRSTAR0/Engram/simple_strategy.py'...
2026-01-23 23:46:09,946 - freqtrade.strategy.hyper - INFO - Found no parameter file.
2026-01-23 23:46:09,946 - freqtrade.resolvers.strategy_resolver - INFO - Override strategy 'timeframe' with value from the configuration: 5m.
2026-01-23 23:46:09,947 - freqtrade.resolvers.strategy_resolver - INFO - Override strategy 'stake_currency' with value from the configuration: USDT.
2026-01-23 23:46:09,947 - freqtrade.resolvers.strategy_resolver - INFO - Override strategy 'stake_amount' with value from the configuration: 100.
2026-01-23 23:46:09,947 - freqtrade.resolvers.strategy_resolver - INFO - Override strategy 'unfilledtimeout' with value from the configuration: {'entry': 10, 'exit': 10, 'exit_timeout_count': 0, 
'unit': 'minutes'}.
2026-01-23 23:46:09,948 - freqtrade.resolvers.strategy_resolver - INFO - Override strategy 'max_open_trades' with value from the configuration: 1.
2026-01-23 23:46:09,948 - freqtrade.resolvers.strategy_resolver - INFO - Strategy using minimal_roi: {'0': 0.05}
2026-01-23 23:46:09,949 - freqtrade.resolvers.strategy_resolver - INFO - Strategy using timeframe: 5m
2026-01-23 23:46:09,949 - freqtrade.resolvers.strategy_resolver - INFO - Strategy using stoploss: -0.05
2026-01-23 23:46:09,950 - freqtrade.resolvers.strategy_resolver - INFO - Strategy using trailing_stop: False
2026-01-23 23:46:09,950 - freqtrade.resolvers.strategy_resolver - INFO - Strategy using trailing_stop_positive_offset: 0.0
2026-01-23 23:46:09,950 - freqtrade.resolvers.strategy_resolver - INFO - Strategy using trailing_only_offset_is_reached: False
2026-01-23 23:46:09,951 - freqtrade.resolvers.strategy_resolver - INFO - Strategy using use_custom_stoploss: False
2026-01-23 23:46:09,951 - freqtrade.resolvers.strategy_resolver - INFO - Strategy using process_only_new_candles: True
2026-01-23 23:46:09,951 - freqtrade.resolvers.strategy_resolver - INFO - Strategy using order_types: {'entry': 'limit', 'exit': 'limit', 'stoploss': 'limit', 'stoploss_on_exchange': False, 
'stoploss_on_exchange_interval': 60}
2026-01-23 23:46:09,952 - freqtrade.resolvers.strategy_resolver - INFO - Strategy using order_time_in_force: {'entry': 'GTC', 'exit': 'GTC'}
2026-01-23 23:46:09,952 - freqtrade.resolvers.strategy_resolver - INFO - Strategy using stake_currency: USDT
2026-01-23 23:46:09,953 - freqtrade.resolvers.strategy_resolver - INFO - Strategy using stake_amount: 100
2026-01-23 23:46:09,953 - freqtrade.resolvers.strategy_resolver - INFO - Strategy using startup_candle_count: 20
2026-01-23 23:46:09,953 - freqtrade.resolvers.strategy_resolver - INFO - Strategy using unfilledtimeout: {'entry': 10, 'exit': 10, 'exit_timeout_count': 0, 'unit': 'minutes'}
2026-01-23 23:46:09,954 - freqtrade.resolvers.strategy_resolver - INFO - Strategy using use_exit_signal: True
2026-01-23 23:46:09,954 - freqtrade.resolvers.strategy_resolver - INFO - Strategy using exit_profit_only: False
2026-01-23 23:46:09,955 - freqtrade.resolvers.strategy_resolver - INFO - Strategy using ignore_roi_if_entry_signal: False
2026-01-23 23:46:09,955 - freqtrade.resolvers.strategy_resolver - INFO - Strategy using exit_profit_offset: 0.0
2026-01-23 23:46:09,955 - freqtrade.resolvers.strategy_resolver - INFO - Strategy using disable_dataframe_checks: False
2026-01-23 23:46:09,956 - freqtrade.resolvers.strategy_resolver - INFO - Strategy using ignore_buying_expired_candle_after: 0
2026-01-23 23:46:09,956 - freqtrade.resolvers.strategy_resolver - INFO - Strategy using position_adjustment_enable: False
2026-01-23 23:46:09,957 - freqtrade.resolvers.strategy_resolver - INFO - Strategy using max_entry_position_adjustment: -1
2026-01-23 23:46:09,957 - freqtrade.resolvers.strategy_resolver - INFO - Strategy using max_open_trades: 1
2026-01-23 23:46:09,958 - freqtrade.configuration.config_validation - INFO - Validating configuration ...
2026-01-23 23:46:10,011 - freqtrade.wallets - INFO - Wallets synced.
2026-01-23 23:46:10,012 - freqtrade.rpc.rpc_manager - INFO - Enabling rpc.telegram ...
2026-01-23 23:46:10,155 - freqtrade.rpc.rpc_manager - INFO - Enabling rpc.api_server
2026-01-23 23:46:10,291 - freqtrade.rpc.telegram - INFO - rpc.telegram is listening for following commands: [['status'], ['profit'], ['balance'], ['start'], ['stop'], ['forceexit', 'forcesell', 'fx'],
['forcebuy', 'forcelong'], ['forceshort'], ['reload_trade'], ['trades'], ['delete'], ['cancel_open_order', 'coo'], ['performance'], ['buys', 'entries'], ['exits', 'sells'], ['mix_tags'], ['stats'], 
['daily'], ['weekly'], ['monthly'], ['count'], ['locks'], ['delete_locks', 'unlock'], ['reload_conf', 'reload_config'], ['show_conf', 'show_config'], ['pause', 'stopbuy', 'stopentry'], ['whitelist'], 
['blacklist'], ['bl_delete', 'blacklist_delete'], ['logs'], ['health'], ['help'], ['version'], ['marketdir'], ['order'], ['list_custom_data'], ['tg_info'], ['profit_long'], ['profit_short']]
2026-01-23 23:46:10,340 - freqtrade.rpc.api_server.webserver - INFO - Starting HTTP Server at 127.0.0.1:8080
2026-01-23 23:46:10,341 - freqtrade.rpc.api_server.webserver - INFO - Starting Local Rest Server.
2026-01-23 23:46:10,368 - uvicorn.error - INFO - Started server process [59061]
2026-01-23 23:46:10,368 - uvicorn.error - INFO - Waiting for application startup.
2026-01-23 23:46:10,369 - uvicorn.error - INFO - Application startup complete.
2026-01-23 23:46:10,370 - uvicorn.error - INFO - Uvicorn running on http://127.0.0.1:8080 (Press CTRL+C to quit)
2026-01-23 23:46:10,372 - freqtrade.resolvers.iresolver - INFO - Using resolved pairlist StaticPairList from 
'/home/offstar0/.local/lib/python3.12/site-packages/freqtrade/plugins/pairlist/StaticPairList.py'...
2026-01-23 23:46:10,373 - freqtrade.freqtradebot - INFO - Starting initial pairlist refresh
2026-01-23 23:46:10,381 - freqtrade.plugins.pairlistmanager - INFO - Whitelist with 1 pairs: ['BTC/USDT']
2026-01-23 23:46:10,382 - freqtrade.freqtradebot - INFO - Initial Pairlist refresh took 0.01s
2026-01-23 23:46:10,383 - freqtrade.plugins.protectionmanager - INFO - No protection Handlers defined.
2026-01-23 23:46:10,383 - freqtrade.rpc.rpc_manager - INFO - Sending rpc message: {'type': status, 'status': 'stopped'}
2026-01-23 23:46:10,384 - freqtrade.worker - INFO - Changing state to: STOPPED
2026-01-23 23:46:10,514 - telegram.ext.Application - INFO - Application started
2026-01-23 23:46:15,395 - freqtrade.worker - INFO - Bot heartbeat. PID=59061, version='2025.12', state='STOPPED'
2026-01-23 23:47:17,420 - freqtrade.worker - INFO - Bot heartbeat. PID=59061, version='2025.12', state='STOPPED'
2026-01-23 23:48:22,077 - freqtrade.worker - INFO - Bot heartbeat. PID=59061, version='2025.12', state='STOPPED'
2026-01-23 23:49:26,779 - freqtrade.worker - INFO - Bot heartbeat. PID=59061, version='2025.12', state='STOPPED'
2026-01-23 23:50:27,905 - freqtrade.worker - INFO - Bot heartbeat. PID=59061, version='2025.12', state='STOPPED'
2026-01-23 23:50:39,028 - freqtrade.commands.trade_commands - INFO - worker found ... calling exit
2026-01-23 23:50:39,029 - freqtrade.rpc.rpc_manager - INFO - Sending rpc message: {'type': status, 'status': 'process died'}
2026-01-23 23:50:39,030 - freqtrade.freqtradebot - INFO - Cleaning up modules ...
2026-01-23 23:50:39,033 - freqtrade.rpc.rpc_manager - INFO - Cleaning up rpc modules ...
2026-01-23 23:50:39,033 - freqtrade.rpc.rpc_manager - INFO - Cleaning up rpc.apiserver ...
2026-01-23 23:50:39,034 - freqtrade.rpc.api_server.webserver - INFO - Stopping API Server
2026-01-23 23:50:39,135 - uvicorn.error - INFO - Shutting down
2026-01-23 23:50:39,246 - uvicorn.error - INFO - Waiting for application shutdown.
2026-01-23 23:50:39,247 - uvicorn.error - INFO - Application shutdown complete.
2026-01-23 23:50:39,247 - uvicorn.error - INFO - Finished server process [59061]
2026-01-23 23:50:39,248 - freqtrade.rpc.rpc_manager - INFO - Cleaning up rpc.telegram ...
2026-01-23 23:50:39,374 - telegram.ext.Application - INFO - Application is stopping. This might take a moment.
2026-01-23 23:50:39,376 - telegram.ext.Application - INFO - Application.stop() complete
2026-01-23 23:50:41,851 - freqtrade.exchange.exchange_ws - INFO - Resetting WS connections.
2026-01-23 23:50:42,048 - freqtrade - INFO - SIGINT received, aborting ...
